Copyright 1986-2019 Xilinx, Inc. All Rights Reserved.
------------------------------------------------------------------------------------------------------------------------------------
| Tool Version : Vivado v.2019.1 (win64) Build 2552052 Fri May 24 14:49:42 MDT 2019
| Date         : Mon Apr 13 23:18:50 2026
| Host         : Norian running 64-bit major release  (build 9200)
| Command      : report_drc -file lenet5_wrapper_drc_routed.rpt -pb lenet5_wrapper_drc_routed.pb -rpx lenet5_wrapper_drc_routed.rpx
| Design       : lenet5_wrapper
| Device       : xc7z010clg400-2
| Speed File   : -2
| Design State : Fully Routed
------------------------------------------------------------------------------------------------------------------------------------

Report DRC

Table of Contents
-----------------
1. REPORT SUMMARY
2. REPORT DETAILS

1. REPORT SUMMARY
-----------------
            Netlist: netlist
          Floorplan: design_1
      Design limits: <entire design considered>
           Ruledeck: default
             Max violations: <unlimited>
             Violations found: 137
+-----------+----------+------------------------+------------+
| Rule      | Severity | Description            | Violations |
+-----------+----------+------------------------+------------+
| DPIP-1    | Warning  | Input pipelining       | 80         |
| DPOP-1    | Warning  | PREG Output pipelining | 16         |
| DPOP-2    | Warning  | MREG Output pipelining | 40         |
| RTSTAT-10 | Warning  | No routable loads      | 1          |
+-----------+----------+------------------------+------------+

2. REPORT DETAILS
-----------------
DPIP-1#1 Warning
Input pipelining  
DSP lenet5_i/lenet5_top/inst/conv_datapath/GEN[1].prods_reg[1][10] input lenet5_i/lenet5_top/inst/conv_datapath/GEN[1].prods_reg[1][10]/A[29:0] is not pipelined. Pipelining DSP48 input will improve performance.
Related violations: <none>

DPIP-1#2 Warning
Input pipelining  
DSP lenet5_i/lenet5_top/inst/conv_datapath/GEN[1].prods_reg[1][10] input lenet5_i/lenet5_top/inst/conv_datapath/GEN[1].prods_reg[1][10]/B[17:0] is not pipelined. Pipelining DSP48 input will improve performance.
Related violations: <none>

DPIP-1#3 Warning
Input pipelining  
DSP lenet5_i/lenet5_top/inst/conv_datapath/GEN[1].prods_reg[1][11] input lenet5_i/lenet5_top/inst/conv_datapath/GEN[1].prods_reg[1][11]/A[29:0] is not pipelined. Pipelining DSP48 input will improve performance.
Related violations: <none>

DPIP-1#4 Warning
Input pipelining  
DSP lenet5_i/lenet5_top/inst/conv_datapath/GEN[1].prods_reg[1][11] input lenet5_i/lenet5_top/inst/conv_datapath/GEN[1].prods_reg[1][11]/B[17:0] is not pipelined. Pipelining DSP48 input will improve performance.
Related violations: <none>

DPIP-1#5 Warning
Input pipelining  
DSP lenet5_i/lenet5_top/inst/conv_datapath/GEN[1].prods_reg[1][12] input lenet5_i/lenet5_top/inst/conv_datapath/GEN[1].prods_reg[1][12]/A[29:0] is not pipelined. Pipelining DSP48 input will improve performance.
Related violations: <none>

DPIP-1#6 Warning
Input pipelining  
DSP lenet5_i/lenet5_top/inst/conv_datapath/GEN[1].prods_reg[1][12] input lenet5_i/lenet5_top/inst/conv_datapath/GEN[1].prods_reg[1][12]/B[17:0] is not pipelined. Pipelining DSP48 input will improve performance.
Related violations: <none>

DPIP-1#7 Warning
Input pipelining  
DSP lenet5_i/lenet5_top/inst/conv_datapath/GEN[1].prods_reg[1][13] input lenet5_i/lenet5_top/inst/conv_datapath/GEN[1].prods_reg[1][13]/A[29:0] is not pipelined. Pipelining DSP48 input will improve performance.
Related violations: <none>

DPIP-1#8 Warning
Input pipelining  
DSP lenet5_i/lenet5_top/inst/conv_datapath/GEN[1].prods_reg[1][13] input lenet5_i/lenet5_top/inst/conv_datapath/GEN[1].prods_reg[1][13]/B[17:0] is not pipelined. Pipelining DSP48 input will improve performance.
Related violations: <none>

DPIP-1#9 Warning
Input pipelining  
DSP lenet5_i/lenet5_top/inst/conv_datapath/GEN[1].prods_reg[1][14] input lenet5_i/lenet5_top/inst/conv_datapath/GEN[1].prods_reg[1][14]/A[29:0] is not pipelined. Pipelining DSP48 input will improve performance.
Related violations: <none>

DPIP-1#10 Warning
Input pipelining  
DSP lenet5_i/lenet5_top/inst/conv_datapath/GEN[1].prods_reg[1][14] input lenet5_i/lenet5_top/inst/conv_datapath/GEN[1].prods_reg[1][14]/B[17:0] is not pipelined. Pipelining DSP48 input will improve performance.
Related violations: <none>

DPIP-1#11 Warning
Input pipelining  
DSP lenet5_i/lenet5_top/inst/conv_datapath/GEN[1].prods_reg[1][15] input lenet5_i/lenet5_top/inst/conv_datapath/GEN[1].prods_reg[1][15]/A[29:0] is not pipelined. Pipelining DSP48 input will improve performance.
Related violations: <none>

DPIP-1#12 Warning
Input pipelining  
DSP lenet5_i/lenet5_top/inst/conv_datapath/GEN[1].prods_reg[1][15] input lenet5_i/lenet5_top/inst/conv_datapath/GEN[1].prods_reg[1][15]/B[17:0] is not pipelined. Pipelining DSP48 input will improve performance.
Related violations: <none>

DPIP-1#13 Warning
Input pipelining  
DSP lenet5_i/lenet5_top/inst/conv_datapath/GEN[1].prods_reg[1][16] input lenet5_i/lenet5_top/inst/conv_datapath/GEN[1].prods_reg[1][16]/A[29:0] is not pipelined. Pipelining DSP48 input will improve performance.
Related violations: <none>

DPIP-1#14 Warning
Input pipelining  
DSP lenet5_i/lenet5_top/inst/conv_datapath/GEN[1].prods_reg[1][16] input lenet5_i/lenet5_top/inst/conv_datapath/GEN[1].prods_reg[1][16]/B[17:0] is not pipelined. Pipelining DSP48 input will improve performance.
Related violations: <none>

DPIP-1#15 Warning
Input pipelining  
DSP lenet5_i/lenet5_top/inst/conv_datapath/GEN[1].prods_reg[1][17] input lenet5_i/lenet5_top/inst/conv_datapath/GEN[1].prods_reg[1][17]/A[29:0] is not pipelined. Pipelining DSP48 input will improve performance.
Related violations: <none>

DPIP-1#16 Warning
Input pipelining  
DSP lenet5_i/lenet5_top/inst/conv_datapath/GEN[1].prods_reg[1][17] input lenet5_i/lenet5_top/inst/conv_datapath/GEN[1].prods_reg[1][17]/B[17:0] is not pipelined. Pipelining DSP48 input will improve performance.
Related violations: <none>

DPIP-1#17 Warning
Input pipelining  
DSP lenet5_i/lenet5_top/inst/conv_datapath/GEN[1].prods_reg[1][18] input lenet5_i/lenet5_top/inst/conv_datapath/GEN[1].prods_reg[1][18]/A[29:0] is not pipelined. Pipelining DSP48 input will improve performance.
Related violations: <none>

DPIP-1#18 Warning
Input pipelining  
DSP lenet5_i/lenet5_top/inst/conv_datapath/GEN[1].prods_reg[1][18] input lenet5_i/lenet5_top/inst/conv_datapath/GEN[1].prods_reg[1][18]/B[17:0] is not pipelined. Pipelining DSP48 input will improve performance.
Related violations: <none>

DPIP-1#19 Warning
Input pipelining  
DSP lenet5_i/lenet5_top/inst/conv_datapath/GEN[1].prods_reg[1][19] input lenet5_i/lenet5_top/inst/conv_datapath/GEN[1].prods_reg[1][19]/A[29:0] is not pipelined. Pipelining DSP48 input will improve performance.
Related violations: <none>

DPIP-1#20 Warning
Input pipelining  
DSP lenet5_i/lenet5_top/inst/conv_datapath/GEN[1].prods_reg[1][19] input lenet5_i/lenet5_top/inst/conv_datapath/GEN[1].prods_reg[1][19]/B[17:0] is not pipelined. Pipelining DSP48 input will improve performance.
Related violations: <none>

DPIP-1#21 Warning
Input pipelining  
DSP lenet5_i/lenet5_top/inst/conv_datapath/GEN[1].prods_reg[1][1] input lenet5_i/lenet5_top/inst/conv_datapath/GEN[1].prods_reg[1][1]/A[29:0] is not pipelined. Pipelining DSP48 input will improve performance.
Related violations: <none>

DPIP-1#22 Warning
Input pipelining  
DSP lenet5_i/lenet5_top/inst/conv_datapath/GEN[1].prods_reg[1][1] input lenet5_i/lenet5_top/inst/conv_datapath/GEN[1].prods_reg[1][1]/B[17:0] is not pipelined. Pipelining DSP48 input will improve performance.
Related violations: <none>

DPIP-1#23 Warning
Input pipelining  
DSP lenet5_i/lenet5_top/inst/conv_datapath/GEN[1].prods_reg[1][20] input lenet5_i/lenet5_top/inst/conv_datapath/GEN[1].prods_reg[1][20]/A[29:0] is not pipelined. Pipelining DSP48 input will improve performance.
Related violations: <none>

DPIP-1#24 Warning
Input pipelining  
DSP lenet5_i/lenet5_top/inst/conv_datapath/GEN[1].prods_reg[1][20] input lenet5_i/lenet5_top/inst/conv_datapath/GEN[1].prods_reg[1][20]/B[17:0] is not pipelined. Pipelining DSP48 input will improve performance.
Related violations: <none>

DPIP-1#25 Warning
Input pipelining  
DSP lenet5_i/lenet5_top/inst/conv_datapath/GEN[1].prods_reg[1][21] input lenet5_i/lenet5_top/inst/conv_datapath/GEN[1].prods_reg[1][21]/A[29:0] is not pipelined. Pipelining DSP48 input will improve performance.
Related violations: <none>

DPIP-1#26 Warning
Input pipelining  
DSP lenet5_i/lenet5_top/inst/conv_datapath/GEN[1].prods_reg[1][21] input lenet5_i/lenet5_top/inst/conv_datapath/GEN[1].prods_reg[1][21]/B[17:0] is not pipelined. Pipelining DSP48 input will improve performance.
Related violations: <none>

DPIP-1#27 Warning
Input pipelining  
DSP lenet5_i/lenet5_top/inst/conv_datapath/GEN[1].prods_reg[1][22] input lenet5_i/lenet5_top/inst/conv_datapath/GEN[1].prods_reg[1][22]/A[29:0] is not pipelined. Pipelining DSP48 input will improve performance.
Related violations: <none>

DPIP-1#28 Warning
Input pipelining  
DSP lenet5_i/lenet5_top/inst/conv_datapath/GEN[1].prods_reg[1][22] input lenet5_i/lenet5_top/inst/conv_datapath/GEN[1].prods_reg[1][22]/B[17:0] is not pipelined. Pipelining DSP48 input will improve performance.
Related violations: <none>

DPIP-1#29 Warning
Input pipelining  
DSP lenet5_i/lenet5_top/inst/conv_datapath/GEN[1].prods_reg[1][23] input lenet5_i/lenet5_top/inst/conv_datapath/GEN[1].prods_reg[1][23]/A[29:0] is not pipelined. Pipelining DSP48 input will improve performance.
Related violations: <none>

DPIP-1#30 Warning
Input pipelining  
DSP lenet5_i/lenet5_top/inst/conv_datapath/GEN[1].prods_reg[1][23] input lenet5_i/lenet5_top/inst/conv_datapath/GEN[1].prods_reg[1][23]/B[17:0] is not pipelined. Pipelining DSP48 input will improve performance.
Related violations: <none>

DPIP-1#31 Warning
Input pipelining  
DSP lenet5_i/lenet5_top/inst/conv_datapath/GEN[1].prods_reg[1][24] input lenet5_i/lenet5_top/inst/conv_datapath/GEN[1].prods_reg[1][24]/A[29:0] is not pipelined. Pipelining DSP48 input will improve performance.
Related violations: <none>

DPIP-1#32 Warning
Input pipelining  
DSP lenet5_i/lenet5_top/inst/conv_datapath/GEN[1].prods_reg[1][24] input lenet5_i/lenet5_top/inst/conv_datapath/GEN[1].prods_reg[1][24]/B[17:0] is not pipelined. Pipelining DSP48 input will improve performance.
Related violations: <none>

DPIP-1#33 Warning
Input pipelining  
DSP lenet5_i/lenet5_top/inst/conv_datapath/GEN[1].prods_reg[1][2] input lenet5_i/lenet5_top/inst/conv_datapath/GEN[1].prods_reg[1][2]/A[29:0] is not pipelined. Pipelining DSP48 input will improve performance.
Related violations: <none>

DPIP-1#34 Warning
Input pipelining  
DSP lenet5_i/lenet5_top/inst/conv_datapath/GEN[1].prods_reg[1][2] input lenet5_i/lenet5_top/inst/conv_datapath/GEN[1].prods_reg[1][2]/B[17:0] is not pipelined. Pipelining DSP48 input will improve performance.
Related violations: <none>

DPIP-1#35 Warning
Input pipelining  
DSP lenet5_i/lenet5_top/inst/conv_datapath/GEN[1].prods_reg[1][3] input lenet5_i/lenet5_top/inst/conv_datapath/GEN[1].prods_reg[1][3]/A[29:0] is not pipelined. Pipelining DSP48 input will improve performance.
Related violations: <none>

DPIP-1#36 Warning
Input pipelining  
DSP lenet5_i/lenet5_top/inst/conv_datapath/GEN[1].prods_reg[1][3] input lenet5_i/lenet5_top/inst/conv_datapath/GEN[1].prods_reg[1][3]/B[17:0] is not pipelined. Pipelining DSP48 input will improve performance.
Related violations: <none>

DPIP-1#37 Warning
Input pipelining  
DSP lenet5_i/lenet5_top/inst/conv_datapath/GEN[1].prods_reg[1][4] input lenet5_i/lenet5_top/inst/conv_datapath/GEN[1].prods_reg[1][4]/A[29:0] is not pipelined. Pipelining DSP48 input will improve performance.
Related violations: <none>

DPIP-1#38 Warning
Input pipelining  
DSP lenet5_i/lenet5_top/inst/conv_datapath/GEN[1].prods_reg[1][4] input lenet5_i/lenet5_top/inst/conv_datapath/GEN[1].prods_reg[1][4]/B[17:0] is not pipelined. Pipelining DSP48 input will improve performance.
Related violations: <none>

DPIP-1#39 Warning
Input pipelining  
DSP lenet5_i/lenet5_top/inst/conv_datapath/GEN[1].prods_reg[1][5] input lenet5_i/lenet5_top/inst/conv_datapath/GEN[1].prods_reg[1][5]/A[29:0] is not pipelined. Pipelining DSP48 input will improve performance.
Related violations: <none>

DPIP-1#40 Warning
Input pipelining  
DSP lenet5_i/lenet5_top/inst/conv_datapath/GEN[1].prods_reg[1][5] input lenet5_i/lenet5_top/inst/conv_datapath/GEN[1].prods_reg[1][5]/B[17:0] is not pipelined. Pipelining DSP48 input will improve performance.
Related violations: <none>

DPIP-1#41 Warning
Input pipelining  
DSP lenet5_i/lenet5_top/inst/conv_datapath/GEN[1].prods_reg[1][6] input lenet5_i/lenet5_top/inst/conv_datapath/GEN[1].prods_reg[1][6]/A[29:0] is not pipelined. Pipelining DSP48 input will improve performance.
Related violations: <none>

DPIP-1#42 Warning
Input pipelining  
DSP lenet5_i/lenet5_top/inst/conv_datapath/GEN[1].prods_reg[1][6] input lenet5_i/lenet5_top/inst/conv_datapath/GEN[1].prods_reg[1][6]/B[17:0] is not pipelined. Pipelining DSP48 input will improve performance.
Related violations: <none>

DPIP-1#43 Warning
Input pipelining  
DSP lenet5_i/lenet5_top/inst/conv_datapath/GEN[1].prods_reg[1][7] input lenet5_i/lenet5_top/inst/conv_datapath/GEN[1].prods_reg[1][7]/A[29:0] is not pipelined. Pipelining DSP48 input will improve performance.
Related violations: <none>

DPIP-1#44 Warning
Input pipelining  
DSP lenet5_i/lenet5_top/inst/conv_datapath/GEN[1].prods_reg[1][7] input lenet5_i/lenet5_top/inst/conv_datapath/GEN[1].prods_reg[1][7]/B[17:0] is not pipelined. Pipelining DSP48 input will improve performance.
Related violations: <none>

DPIP-1#45 Warning
Input pipelining  
DSP lenet5_i/lenet5_top/inst/conv_datapath/GEN[1].prods_reg[1][8] input lenet5_i/lenet5_top/inst/conv_datapath/GEN[1].prods_reg[1][8]/A[29:0] is not pipelined. Pipelining DSP48 input will improve performance.
Related violations: <none>

DPIP-1#46 Warning
Input pipelining  
DSP lenet5_i/lenet5_top/inst/conv_datapath/GEN[1].prods_reg[1][8] input lenet5_i/lenet5_top/inst/conv_datapath/GEN[1].prods_reg[1][8]/B[17:0] is not pipelined. Pipelining DSP48 input will improve performance.
Related violations: <none>

DPIP-1#47 Warning
Input pipelining  
DSP lenet5_i/lenet5_top/inst/conv_datapath/GEN[1].prods_reg[1][9] input lenet5_i/lenet5_top/inst/conv_datapath/GEN[1].prods_reg[1][9]/A[29:0] is not pipelined. Pipelining DSP48 input will improve performance.
Related violations: <none>

DPIP-1#48 Warning
Input pipelining  
DSP lenet5_i/lenet5_top/inst/conv_datapath/GEN[1].prods_reg[1][9] input lenet5_i/lenet5_top/inst/conv_datapath/GEN[1].prods_reg[1][9]/B[17:0] is not pipelined. Pipelining DSP48 input will improve performance.
Related violations: <none>

DPIP-1#49 Warning
Input pipelining  
DSP lenet5_i/lenet5_top/inst/mac_datapath/acc_r[10]0 input lenet5_i/lenet5_top/inst/mac_datapath/acc_r[10]0/A[29:0] is not pipelined. Pipelining DSP48 input will improve performance.
Related violations: <none>

DPIP-1#50 Warning
Input pipelining  
DSP lenet5_i/lenet5_top/inst/mac_datapath/acc_r[10]0 input lenet5_i/lenet5_top/inst/mac_datapath/acc_r[10]0/B[17:0] is not pipelined. Pipelining DSP48 input will improve performance.
Related violations: <none>

DPIP-1#51 Warning
Input pipelining  
DSP lenet5_i/lenet5_top/inst/mac_datapath/acc_r[11]0 input lenet5_i/lenet5_top/inst/mac_datapath/acc_r[11]0/A[29:0] is not pipelined. Pipelining DSP48 input will improve performance.
Related violations: <none>

DPIP-1#52 Warning
Input pipelining  
DSP lenet5_i/lenet5_top/inst/mac_datapath/acc_r[11]0 input lenet5_i/lenet5_top/inst/mac_datapath/acc_r[11]0/B[17:0] is not pipelined. Pipelining DSP48 input will improve performance.
Related violations: <none>

DPIP-1#53 Warning
Input pipelining  
DSP lenet5_i/lenet5_top/inst/mac_datapath/acc_r[12]0 input lenet5_i/lenet5_top/inst/mac_datapath/acc_r[12]0/A[29:0] is not pipelined. Pipelining DSP48 input will improve performance.
Related violations: <none>

DPIP-1#54 Warning
Input pipelining  
DSP lenet5_i/lenet5_top/inst/mac_datapath/acc_r[12]0 input lenet5_i/lenet5_top/inst/mac_datapath/acc_r[12]0/B[17:0] is not pipelined. Pipelining DSP48 input will improve performance.
Related violations: <none>

DPIP-1#55 Warning
Input pipelining  
DSP lenet5_i/lenet5_top/inst/mac_datapath/acc_r[13]0 input lenet5_i/lenet5_top/inst/mac_datapath/acc_r[13]0/A[29:0] is not pipelined. Pipelining DSP48 input will improve performance.
Related violations: <none>

DPIP-1#56 Warning
Input pipelining  
DSP lenet5_i/lenet5_top/inst/mac_datapath/acc_r[13]0 input lenet5_i/lenet5_top/inst/mac_datapath/acc_r[13]0/B[17:0] is not pipelined. Pipelining DSP48 input will improve performance.
Related violations: <none>

DPIP-1#57 Warning
Input pipelining  
DSP lenet5_i/lenet5_top/inst/mac_datapath/acc_r[14]0 input lenet5_i/lenet5_top/inst/mac_datapath/acc_r[14]0/A[29:0] is not pipelined. Pipelining DSP48 input will improve performance.
Related violations: <none>

DPIP-1#58 Warning
Input pipelining  
DSP lenet5_i/lenet5_top/inst/mac_datapath/acc_r[14]0 input lenet5_i/lenet5_top/inst/mac_datapath/acc_r[14]0/B[17:0] is not pipelined. Pipelining DSP48 input will improve performance.
Related violations: <none>

DPIP-1#59 Warning
Input pipelining  
DSP lenet5_i/lenet5_top/inst/mac_datapath/acc_r[15]0 input lenet5_i/lenet5_top/inst/mac_datapath/acc_r[15]0/A[29:0] is not pipelined. Pipelining DSP48 input will improve performance.
Related violations: <none>

DPIP-1#60 Warning
Input pipelining  
DSP lenet5_i/lenet5_top/inst/mac_datapath/acc_r[15]0 input lenet5_i/lenet5_top/inst/mac_datapath/acc_r[15]0/B[17:0] is not pipelined. Pipelining DSP48 input will improve performance.
Related violations: <none>

DPIP-1#61 Warning
Input pipelining  
DSP lenet5_i/lenet5_top/inst/mac_datapath/acc_r[16]0 input lenet5_i/lenet5_top/inst/mac_datapath/acc_r[16]0/A[29:0] is not pipelined. Pipelining DSP48 input will improve performance.
Related violations: <none>

DPIP-1#62 Warning
Input pipelining  
DSP lenet5_i/lenet5_top/inst/mac_datapath/acc_r[16]0 input lenet5_i/lenet5_top/inst/mac_datapath/acc_r[16]0/B[17:0] is not pipelined. Pipelining DSP48 input will improve performance.
Related violations: <none>

DPIP-1#63 Warning
Input pipelining  
DSP lenet5_i/lenet5_top/inst/mac_datapath/acc_r[1]0 input lenet5_i/lenet5_top/inst/mac_datapath/acc_r[1]0/A[29:0] is not pipelined. Pipelining DSP48 input will improve performance.
Related violations: <none>

DPIP-1#64 Warning
Input pipelining  
DSP lenet5_i/lenet5_top/inst/mac_datapath/acc_r[1]0 input lenet5_i/lenet5_top/inst/mac_datapath/acc_r[1]0/B[17:0] is not pipelined. Pipelining DSP48 input will improve performance.
Related violations: <none>

DPIP-1#65 Warning
Input pipelining  
DSP lenet5_i/lenet5_top/inst/mac_datapath/acc_r[2]0 input lenet5_i/lenet5_top/inst/mac_datapath/acc_r[2]0/A[29:0] is not pipelined. Pipelining DSP48 input will improve performance.
Related violations: <none>

DPIP-1#66 Warning
Input pipelining  
DSP lenet5_i/lenet5_top/inst/mac_datapath/acc_r[2]0 input lenet5_i/lenet5_top/inst/mac_datapath/acc_r[2]0/B[17:0] is not pipelined. Pipelining DSP48 input will improve performance.
Related violations: <none>

DPIP-1#67 Warning
Input pipelining  
DSP lenet5_i/lenet5_top/inst/mac_datapath/acc_r[3]0 input lenet5_i/lenet5_top/inst/mac_datapath/acc_r[3]0/A[29:0] is not pipelined. Pipelining DSP48 input will improve performance.
Related violations: <none>

DPIP-1#68 Warning
Input pipelining  
DSP lenet5_i/lenet5_top/inst/mac_datapath/acc_r[3]0 input lenet5_i/lenet5_top/inst/mac_datapath/acc_r[3]0/B[17:0] is not pipelined. Pipelining DSP48 input will improve performance.
Related violations: <none>

DPIP-1#69 Warning
Input pipelining  
DSP lenet5_i/lenet5_top/inst/mac_datapath/acc_r[4]0 input lenet5_i/lenet5_top/inst/mac_datapath/acc_r[4]0/A[29:0] is not pipelined. Pipelining DSP48 input will improve performance.
Related violations: <none>

DPIP-1#70 Warning
Input pipelining  
DSP lenet5_i/lenet5_top/inst/mac_datapath/acc_r[4]0 input lenet5_i/lenet5_top/inst/mac_datapath/acc_r[4]0/B[17:0] is not pipelined. Pipelining DSP48 input will improve performance.
Related violations: <none>

DPIP-1#71 Warning
Input pipelining  
DSP lenet5_i/lenet5_top/inst/mac_datapath/acc_r[5]0 input lenet5_i/lenet5_top/inst/mac_datapath/acc_r[5]0/A[29:0] is not pipelined. Pipelining DSP48 input will improve performance.
Related violations: <none>

DPIP-1#72 Warning
Input pipelining  
DSP lenet5_i/lenet5_top/inst/mac_datapath/acc_r[5]0 input lenet5_i/lenet5_top/inst/mac_datapath/acc_r[5]0/B[17:0] is not pipelined. Pipelining DSP48 input will improve performance.
Related violations: <none>

DPIP-1#73 Warning
Input pipelining  
DSP lenet5_i/lenet5_top/inst/mac_datapath/acc_r[6]0 input lenet5_i/lenet5_top/inst/mac_datapath/acc_r[6]0/A[29:0] is not pipelined. Pipelining DSP48 input will improve performance.
Related violations: <none>

DPIP-1#74 Warning
Input pipelining  
DSP lenet5_i/lenet5_top/inst/mac_datapath/acc_r[6]0 input lenet5_i/lenet5_top/inst/mac_datapath/acc_r[6]0/B[17:0] is not pipelined. Pipelining DSP48 input will improve performance.
Related violations: <none>

DPIP-1#75 Warning
Input pipelining  
DSP lenet5_i/lenet5_top/inst/mac_datapath/acc_r[7]0 input lenet5_i/lenet5_top/inst/mac_datapath/acc_r[7]0/A[29:0] is not pipelined. Pipelining DSP48 input will improve performance.
Related violations: <none>

DPIP-1#76 Warning
Input pipelining  
DSP lenet5_i/lenet5_top/inst/mac_datapath/acc_r[7]0 input lenet5_i/lenet5_top/inst/mac_datapath/acc_r[7]0/B[17:0] is not pipelined. Pipelining DSP48 input will improve performance.
Related violations: <none>

DPIP-1#77 Warning
Input pipelining  
DSP lenet5_i/lenet5_top/inst/mac_datapath/acc_r[8]0 input lenet5_i/lenet5_top/inst/mac_datapath/acc_r[8]0/A[29:0] is not pipelined. Pipelining DSP48 input will improve performance.
Related violations: <none>

DPIP-1#78 Warning
Input pipelining  
DSP lenet5_i/lenet5_top/inst/mac_datapath/acc_r[8]0 input lenet5_i/lenet5_top/inst/mac_datapath/acc_r[8]0/B[17:0] is not pipelined. Pipelining DSP48 input will improve performance.
Related violations: <none>

DPIP-1#79 Warning
Input pipelining  
DSP lenet5_i/lenet5_top/inst/mac_datapath/acc_r[9]0 input lenet5_i/lenet5_top/inst/mac_datapath/acc_r[9]0/A[29:0] is not pipelined. Pipelining DSP48 input will improve performance.
Related violations: <none>

DPIP-1#80 Warning
Input pipelining  
DSP lenet5_i/lenet5_top/inst/mac_datapath/acc_r[9]0 input lenet5_i/lenet5_top/inst/mac_datapath/acc_r[9]0/B[17:0] is not pipelined. Pipelining DSP48 input will improve performance.
Related violations: <none>

DPOP-1#1 Warning
PREG Output pipelining  
DSP lenet5_i/lenet5_top/inst/mac_datapath/acc_r[10]0 output lenet5_i/lenet5_top/inst/mac_datapath/acc_r[10]0/P[47:0] is not pipelined (PREG=0). Pipelining the DSP48 output will improve performance and often saves power so it is suggested whenever possible to fully pipeline this function.  If this DSP48 function was inferred, it is suggested to describe an additional register stage after this function.  If the DSP48 was instantiated in the design, it is suggested to set the PREG attribute to 1.
Related violations: <none>

DPOP-1#2 Warning
PREG Output pipelining  
DSP lenet5_i/lenet5_top/inst/mac_datapath/acc_r[11]0 output lenet5_i/lenet5_top/inst/mac_datapath/acc_r[11]0/P[47:0] is not pipelined (PREG=0). Pipelining the DSP48 output will improve performance and often saves power so it is suggested whenever possible to fully pipeline this function.  If this DSP48 function was inferred, it is suggested to describe an additional register stage after this function.  If the DSP48 was instantiated in the design, it is suggested to set the PREG attribute to 1.
Related violations: <none>

DPOP-1#3 Warning
PREG Output pipelining  
DSP lenet5_i/lenet5_top/inst/mac_datapath/acc_r[12]0 output lenet5_i/lenet5_top/inst/mac_datapath/acc_r[12]0/P[47:0] is not pipelined (PREG=0). Pipelining the DSP48 output will improve performance and often saves power so it is suggested whenever possible to fully pipeline this function.  If this DSP48 function was inferred, it is suggested to describe an additional register stage after this function.  If the DSP48 was instantiated in the design, it is suggested to set the PREG attribute to 1.
Related violations: <none>

DPOP-1#4 Warning
PREG Output pipelining  
DSP lenet5_i/lenet5_top/inst/mac_datapath/acc_r[13]0 output lenet5_i/lenet5_top/inst/mac_datapath/acc_r[13]0/P[47:0] is not pipelined (PREG=0). Pipelining the DSP48 output will improve performance and often saves power so it is suggested whenever possible to fully pipeline this function.  If this DSP48 function was inferred, it is suggested to describe an additional register stage after this function.  If the DSP48 was instantiated in the design, it is suggested to set the PREG attribute to 1.
Related violations: <none>

DPOP-1#5 Warning
PREG Output pipelining  
DSP lenet5_i/lenet5_top/inst/mac_datapath/acc_r[14]0 output lenet5_i/lenet5_top/inst/mac_datapath/acc_r[14]0/P[47:0] is not pipelined (PREG=0). Pipelining the DSP48 output will improve performance and often saves power so it is suggested whenever possible to fully pipeline this function.  If this DSP48 function was inferred, it is suggested to describe an additional register stage after this function.  If the DSP48 was instantiated in the design, it is suggested to set the PREG attribute to 1.
Related violations: <none>

DPOP-1#6 Warning
PREG Output pipelining  
DSP lenet5_i/lenet5_top/inst/mac_datapath/acc_r[15]0 output lenet5_i/lenet5_top/inst/mac_datapath/acc_r[15]0/P[47:0] is not pipelined (PREG=0). Pipelining the DSP48 output will improve performance and often saves power so it is suggested whenever possible to fully pipeline this function.  If this DSP48 function was inferred, it is suggested to describe an additional register stage after this function.  If the DSP48 was instantiated in the design, it is suggested to set the PREG attribute to 1.
Related violations: <none>

DPOP-1#7 Warning
PREG Output pipelining  
DSP lenet5_i/lenet5_top/inst/mac_datapath/acc_r[16]0 output lenet5_i/lenet5_top/inst/mac_datapath/acc_r[16]0/P[47:0] is not pipelined (PREG=0). Pipelining the DSP48 output will improve performance and often saves power so it is suggested whenever possible to fully pipeline this function.  If this DSP48 function was inferred, it is suggested to describe an additional register stage after this function.  If the DSP48 was instantiated in the design, it is suggested to set the PREG attribute to 1.
Related violations: <none>

DPOP-1#8 Warning
PREG Output pipelining  
DSP lenet5_i/lenet5_top/inst/mac_datapath/acc_r[1]0 output lenet5_i/lenet5_top/inst/mac_datapath/acc_r[1]0/P[47:0] is not pipelined (PREG=0). Pipelining the DSP48 output will improve performance and often saves power so it is suggested whenever possible to fully pipeline this function.  If this DSP48 function was inferred, it is suggested to describe an additional register stage after this function.  If the DSP48 was instantiated in the design, it is suggested to set the PREG attribute to 1.
Related violations: <none>

DPOP-1#9 Warning
PREG Output pipelining  
DSP lenet5_i/lenet5_top/inst/mac_datapath/acc_r[2]0 output lenet5_i/lenet5_top/inst/mac_datapath/acc_r[2]0/P[47:0] is not pipelined (PREG=0). Pipelining the DSP48 output will improve performance and often saves power so it is suggested whenever possible to fully pipeline this function.  If this DSP48 function was inferred, it is suggested to describe an additional register stage after this function.  If the DSP48 was instantiated in the design, it is suggested to set the PREG attribute to 1.
Related violations: <none>

DPOP-1#10 Warning
PREG Output pipelining  
DSP lenet5_i/lenet5_top/inst/mac_datapath/acc_r[3]0 output lenet5_i/lenet5_top/inst/mac_datapath/acc_r[3]0/P[47:0] is not pipelined (PREG=0). Pipelining the DSP48 output will improve performance and often saves power so it is suggested whenever possible to fully pipeline this function.  If this DSP48 function was inferred, it is suggested to describe an additional register stage after this function.  If the DSP48 was instantiated in the design, it is suggested to set the PREG attribute to 1.
Related violations: <none>

DPOP-1#11 Warning
PREG Output pipelining  
DSP lenet5_i/lenet5_top/inst/mac_datapath/acc_r[4]0 output lenet5_i/lenet5_top/inst/mac_datapath/acc_r[4]0/P[47:0] is not pipelined (PREG=0). Pipelining the DSP48 output will improve performance and often saves power so it is suggested whenever possible to fully pipeline this function.  If this DSP48 function was inferred, it is suggested to describe an additional register stage after this function.  If the DSP48 was instantiated in the design, it is suggested to set the PREG attribute to 1.
Related violations: <none>

DPOP-1#12 Warning
PREG Output pipelining  
DSP lenet5_i/lenet5_top/inst/mac_datapath/acc_r[5]0 output lenet5_i/lenet5_top/inst/mac_datapath/acc_r[5]0/P[47:0] is not pipelined (PREG=0). Pipelining the DSP48 output will improve performance and often saves power so it is suggested whenever possible to fully pipeline this function.  If this DSP48 function was inferred, it is suggested to describe an additional register stage after this function.  If the DSP48 was instantiated in the design, it is suggested to set the PREG attribute to 1.
Related violations: <none>

DPOP-1#13 Warning
PREG Output pipelining  
DSP lenet5_i/lenet5_top/inst/mac_datapath/acc_r[6]0 output lenet5_i/lenet5_top/inst/mac_datapath/acc_r[6]0/P[47:0] is not pipelined (PREG=0). Pipelining the DSP48 output will improve performance and often saves power so it is suggested whenever possible to fully pipeline this function.  If this DSP48 function was inferred, it is suggested to describe an additional register stage after this function.  If the DSP48 was instantiated in the design, it is suggested to set the PREG attribute to 1.
Related violations: <none>

DPOP-1#14 Warning
PREG Output pipelining  
DSP lenet5_i/lenet5_top/inst/mac_datapath/acc_r[7]0 output lenet5_i/lenet5_top/inst/mac_datapath/acc_r[7]0/P[47:0] is not pipelined (PREG=0). Pipelining the DSP48 output will improve performance and often saves power so it is suggested whenever possible to fully pipeline this function.  If this DSP48 function was inferred, it is suggested to describe an additional register stage after this function.  If the DSP48 was instantiated in the design, it is suggested to set the PREG attribute to 1.
Related violations: <none>

DPOP-1#15 Warning
PREG Output pipelining  
DSP lenet5_i/lenet5_top/inst/mac_datapath/acc_r[8]0 output lenet5_i/lenet5_top/inst/mac_datapath/acc_r[8]0/P[47:0] is not pipelined (PREG=0). Pipelining the DSP48 output will improve performance and often saves power so it is suggested whenever possible to fully pipeline this function.  If this DSP48 function was inferred, it is suggested to describe an additional register stage after this function.  If the DSP48 was instantiated in the design, it is suggested to set the PREG attribute to 1.
Related violations: <none>

DPOP-1#16 Warning
PREG Output pipelining  
DSP lenet5_i/lenet5_top/inst/mac_datapath/acc_r[9]0 output lenet5_i/lenet5_top/inst/mac_datapath/acc_r[9]0/P[47:0] is not pipelined (PREG=0). Pipelining the DSP48 output will improve performance and often saves power so it is suggested whenever possible to fully pipeline this function.  If this DSP48 function was inferred, it is suggested to describe an additional register stage after this function.  If the DSP48 was instantiated in the design, it is suggested to set the PREG attribute to 1.
Related violations: <none>

DPOP-2#1 Warning
MREG Output pipelining  
DSP lenet5_i/lenet5_top/inst/conv_datapath/GEN[1].prods_reg[1][10] multiplier stage lenet5_i/lenet5_top/inst/conv_datapath/GEN[1].prods_reg[1][10]/P[47:0] is not pipelined (MREG=0). Pipelining the multiplier function will improve performance and will save significant power so it is suggested whenever possible to fully pipeline this function.  If this multiplier was inferred, it is suggested to describe an additional register stage after this function.  If there is no registered adder/accumulator following the multiply function, two pipeline stages are suggested to allow both the MREG and PREG registers to be used.  If the DSP48 was instantiated in the design, it is suggested to set both the MREG and PREG attributes to 1 when performing multiply functions.
Related violations: <none>

DPOP-2#2 Warning
MREG Output pipelining  
DSP lenet5_i/lenet5_top/inst/conv_datapath/GEN[1].prods_reg[1][11] multiplier stage lenet5_i/lenet5_top/inst/conv_datapath/GEN[1].prods_reg[1][11]/P[47:0] is not pipelined (MREG=0). Pipelining the multiplier function will improve performance and will save significant power so it is suggested whenever possible to fully pipeline this function.  If this multiplier was inferred, it is suggested to describe an additional register stage after this function.  If there is no registered adder/accumulator following the multiply function, two pipeline stages are suggested to allow both the MREG and PREG registers to be used.  If the DSP48 was instantiated in the design, it is suggested to set both the MREG and PREG attributes to 1 when performing multiply functions.
Related violations: <none>

DPOP-2#3 Warning
MREG Output pipelining  
DSP lenet5_i/lenet5_top/inst/conv_datapath/GEN[1].prods_reg[1][12] multiplier stage lenet5_i/lenet5_top/inst/conv_datapath/GEN[1].prods_reg[1][12]/P[47:0] is not pipelined (MREG=0). Pipelining the multiplier function will improve performance and will save significant power so it is suggested whenever possible to fully pipeline this function.  If this multiplier was inferred, it is suggested to describe an additional register stage after this function.  If there is no registered adder/accumulator following the multiply function, two pipeline stages are suggested to allow both the MREG and PREG registers to be used.  If the DSP48 was instantiated in the design, it is suggested to set both the MREG and PREG attributes to 1 when performing multiply functions.
Related violations: <none>

DPOP-2#4 Warning
MREG Output pipelining  
DSP lenet5_i/lenet5_top/inst/conv_datapath/GEN[1].prods_reg[1][13] multiplier stage lenet5_i/lenet5_top/inst/conv_datapath/GEN[1].prods_reg[1][13]/P[47:0] is not pipelined (MREG=0). Pipelining the multiplier function will improve performance and will save significant power so it is suggested whenever possible to fully pipeline this function.  If this multiplier was inferred, it is suggested to describe an additional register stage after this function.  If there is no registered adder/accumulator following the multiply function, two pipeline stages are suggested to allow both the MREG and PREG registers to be used.  If the DSP48 was instantiated in the design, it is suggested to set both the MREG and PREG attributes to 1 when performing multiply functions.
Related violations: <none>

DPOP-2#5 Warning
MREG Output pipelining  
DSP lenet5_i/lenet5_top/inst/conv_datapath/GEN[1].prods_reg[1][14] multiplier stage lenet5_i/lenet5_top/inst/conv_datapath/GEN[1].prods_reg[1][14]/P[47:0] is not pipelined (MREG=0). Pipelining the multiplier function will improve performance and will save significant power so it is suggested whenever possible to fully pipeline this function.  If this multiplier was inferred, it is suggested to describe an additional register stage after this function.  If there is no registered adder/accumulator following the multiply function, two pipeline stages are suggested to allow both the MREG and PREG registers to be used.  If the DSP48 was instantiated in the design, it is suggested to set both the MREG and PREG attributes to 1 when performing multiply functions.
Related violations: <none>

DPOP-2#6 Warning
MREG Output pipelining  
DSP lenet5_i/lenet5_top/inst/conv_datapath/GEN[1].prods_reg[1][15] multiplier stage lenet5_i/lenet5_top/inst/conv_datapath/GEN[1].prods_reg[1][15]/P[47:0] is not pipelined (MREG=0). Pipelining the multiplier function will improve performance and will save significant power so it is suggested whenever possible to fully pipeline this function.  If this multiplier was inferred, it is suggested to describe an additional register stage after this function.  If there is no registered adder/accumulator following the multiply function, two pipeline stages are suggested to allow both the MREG and PREG registers to be used.  If the DSP48 was instantiated in the design, it is suggested to set both the MREG and PREG attributes to 1 when performing multiply functions.
Related violations: <none>

DPOP-2#7 Warning
MREG Output pipelining  
DSP lenet5_i/lenet5_top/inst/conv_datapath/GEN[1].prods_reg[1][16] multiplier stage lenet5_i/lenet5_top/inst/conv_datapath/GEN[1].prods_reg[1][16]/P[47:0] is not pipelined (MREG=0). Pipelining the multiplier function will improve performance and will save significant power so it is suggested whenever possible to fully pipeline this function.  If this multiplier was inferred, it is suggested to describe an additional register stage after this function.  If there is no registered adder/accumulator following the multiply function, two pipeline stages are suggested to allow both the MREG and PREG registers to be used.  If the DSP48 was instantiated in the design, it is suggested to set both the MREG and PREG attributes to 1 when performing multiply functions.
Related violations: <none>

DPOP-2#8 Warning
MREG Output pipelining  
DSP lenet5_i/lenet5_top/inst/conv_datapath/GEN[1].prods_reg[1][17] multiplier stage lenet5_i/lenet5_top/inst/conv_datapath/GEN[1].prods_reg[1][17]/P[47:0] is not pipelined (MREG=0). Pipelining the multiplier function will improve performance and will save significant power so it is suggested whenever possible to fully pipeline this function.  If this multiplier was inferred, it is suggested to describe an additional register stage after this function.  If there is no registered adder/accumulator following the multiply function, two pipeline stages are suggested to allow both the MREG and PREG registers to be used.  If the DSP48 was instantiated in the design, it is suggested to set both the MREG and PREG attributes to 1 when performing multiply functions.
Related violations: <none>

DPOP-2#9 Warning
MREG Output pipelining  
DSP lenet5_i/lenet5_top/inst/conv_datapath/GEN[1].prods_reg[1][18] multiplier stage lenet5_i/lenet5_top/inst/conv_datapath/GEN[1].prods_reg[1][18]/P[47:0] is not pipelined (MREG=0). Pipelining the multiplier function will improve performance and will save significant power so it is suggested whenever possible to fully pipeline this function.  If this multiplier was inferred, it is suggested to describe an additional register stage after this function.  If there is no registered adder/accumulator following the multiply function, two pipeline stages are suggested to allow both the MREG and PREG registers to be used.  If the DSP48 was instantiated in the design, it is suggested to set both the MREG and PREG attributes to 1 when performing multiply functions.
Related violations: <none>

DPOP-2#10 Warning
MREG Output pipelining  
DSP lenet5_i/lenet5_top/inst/conv_datapath/GEN[1].prods_reg[1][19] multiplier stage lenet5_i/lenet5_top/inst/conv_datapath/GEN[1].prods_reg[1][19]/P[47:0] is not pipelined (MREG=0). Pipelining the multiplier function will improve performance and will save significant power so it is suggested whenever possible to fully pipeline this function.  If this multiplier was inferred, it is suggested to describe an additional register stage after this function.  If there is no registered adder/accumulator following the multiply function, two pipeline stages are suggested to allow both the MREG and PREG registers to be used.  If the DSP48 was instantiated in the design, it is suggested to set both the MREG and PREG attributes to 1 when performing multiply functions.
Related violations: <none>

DPOP-2#11 Warning
MREG Output pipelining  
DSP lenet5_i/lenet5_top/inst/conv_datapath/GEN[1].prods_reg[1][1] multiplier stage lenet5_i/lenet5_top/inst/conv_datapath/GEN[1].prods_reg[1][1]/P[47:0] is not pipelined (MREG=0). Pipelining the multiplier function will improve performance and will save significant power so it is suggested whenever possible to fully pipeline this function.  If this multiplier was inferred, it is suggested to describe an additional register stage after this function.  If there is no registered adder/accumulator following the multiply function, two pipeline stages are suggested to allow both the MREG and PREG registers to be used.  If the DSP48 was instantiated in the design, it is suggested to set both the MREG and PREG attributes to 1 when performing multiply functions.
Related violations: <none>

DPOP-2#12 Warning
MREG Output pipelining  
DSP lenet5_i/lenet5_top/inst/conv_datapath/GEN[1].prods_reg[1][20] multiplier stage lenet5_i/lenet5_top/inst/conv_datapath/GEN[1].prods_reg[1][20]/P[47:0] is not pipelined (MREG=0). Pipelining the multiplier function will improve performance and will save significant power so it is suggested whenever possible to fully pipeline this function.  If this multiplier was inferred, it is suggested to describe an additional register stage after this function.  If there is no registered adder/accumulator following the multiply function, two pipeline stages are suggested to allow both the MREG and PREG registers to be used.  If the DSP48 was instantiated in the design, it is suggested to set both the MREG and PREG attributes to 1 when performing multiply functions.
Related violations: <none>

DPOP-2#13 Warning
MREG Output pipelining  
DSP lenet5_i/lenet5_top/inst/conv_datapath/GEN[1].prods_reg[1][21] multiplier stage lenet5_i/lenet5_top/inst/conv_datapath/GEN[1].prods_reg[1][21]/P[47:0] is not pipelined (MREG=0). Pipelining the multiplier function will improve performance and will save significant power so it is suggested whenever possible to fully pipeline this function.  If this multiplier was inferred, it is suggested to describe an additional register stage after this function.  If there is no registered adder/accumulator following the multiply function, two pipeline stages are suggested to allow both the MREG and PREG registers to be used.  If the DSP48 was instantiated in the design, it is suggested to set both the MREG and PREG attributes to 1 when performing multiply functions.
Related violations: <none>

DPOP-2#14 Warning
MREG Output pipelining  
DSP lenet5_i/lenet5_top/inst/conv_datapath/GEN[1].prods_reg[1][22] multiplier stage lenet5_i/lenet5_top/inst/conv_datapath/GEN[1].prods_reg[1][22]/P[47:0] is not pipelined (MREG=0). Pipelining the multiplier function will improve performance and will save significant power so it is suggested whenever possible to fully pipeline this function.  If this multiplier was inferred, it is suggested to describe an additional register stage after this function.  If there is no registered adder/accumulator following the multiply function, two pipeline stages are suggested to allow both the MREG and PREG registers to be used.  If the DSP48 was instantiated in the design, it is suggested to set both the MREG and PREG attributes to 1 when performing multiply functions.
Related violations: <none>

DPOP-2#15 Warning
MREG Output pipelining  
DSP lenet5_i/lenet5_top/inst/conv_datapath/GEN[1].prods_reg[1][23] multiplier stage lenet5_i/lenet5_top/inst/conv_datapath/GEN[1].prods_reg[1][23]/P[47:0] is not pipelined (MREG=0). Pipelining the multiplier function will improve performance and will save significant power so it is suggested whenever possible to fully pipeline this function.  If this multiplier was inferred, it is suggested to describe an additional register stage after this function.  If there is no registered adder/accumulator following the multiply function, two pipeline stages are suggested to allow both the MREG and PREG registers to be used.  If the DSP48 was instantiated in the design, it is suggested to set both the MREG and PREG attributes to 1 when performing multiply functions.
Related violations: <none>

DPOP-2#16 Warning
MREG Output pipelining  
DSP lenet5_i/lenet5_top/inst/conv_datapath/GEN[1].prods_reg[1][24] multiplier stage lenet5_i/lenet5_top/inst/conv_datapath/GEN[1].prods_reg[1][24]/P[47:0] is not pipelined (MREG=0). Pipelining the multiplier function will improve performance and will save significant power so it is suggested whenever possible to fully pipeline this function.  If this multiplier was inferred, it is suggested to describe an additional register stage after this function.  If there is no registered adder/accumulator following the multiply function, two pipeline stages are suggested to allow both the MREG and PREG registers to be used.  If the DSP48 was instantiated in the design, it is suggested to set both the MREG and PREG attributes to 1 when performing multiply functions.
Related violations: <none>

DPOP-2#17 Warning
MREG Output pipelining  
DSP lenet5_i/lenet5_top/inst/conv_datapath/GEN[1].prods_reg[1][2] multiplier stage lenet5_i/lenet5_top/inst/conv_datapath/GEN[1].prods_reg[1][2]/P[47:0] is not pipelined (MREG=0). Pipelining the multiplier function will improve performance and will save significant power so it is suggested whenever possible to fully pipeline this function.  If this multiplier was inferred, it is suggested to describe an additional register stage after this function.  If there is no registered adder/accumulator following the multiply function, two pipeline stages are suggested to allow both the MREG and PREG registers to be used.  If the DSP48 was instantiated in the design, it is suggested to set both the MREG and PREG attributes to 1 when performing multiply functions.
Related violations: <none>

DPOP-2#18 Warning
MREG Output pipelining  
DSP lenet5_i/lenet5_top/inst/conv_datapath/GEN[1].prods_reg[1][3] multiplier stage lenet5_i/lenet5_top/inst/conv_datapath/GEN[1].prods_reg[1][3]/P[47:0] is not pipelined (MREG=0). Pipelining the multiplier function will improve performance and will save significant power so it is suggested whenever possible to fully pipeline this function.  If this multiplier was inferred, it is suggested to describe an additional register stage after this function.  If there is no registered adder/accumulator following the multiply function, two pipeline stages are suggested to allow both the MREG and PREG registers to be used.  If the DSP48 was instantiated in the design, it is suggested to set both the MREG and PREG attributes to 1 when performing multiply functions.
Related violations: <none>

DPOP-2#19 Warning
MREG Output pipelining  
DSP lenet5_i/lenet5_top/inst/conv_datapath/GEN[1].prods_reg[1][4] multiplier stage lenet5_i/lenet5_top/inst/conv_datapath/GEN[1].prods_reg[1][4]/P[47:0] is not pipelined (MREG=0). Pipelining the multiplier function will improve performance and will save significant power so it is suggested whenever possible to fully pipeline this function.  If this multiplier was inferred, it is suggested to describe an additional register stage after this function.  If there is no registered adder/accumulator following the multiply function, two pipeline stages are suggested to allow both the MREG and PREG registers to be used.  If the DSP48 was instantiated in the design, it is suggested to set both the MREG and PREG attributes to 1 when performing multiply functions.
Related violations: <none>

DPOP-2#20 Warning
MREG Output pipelining  
DSP lenet5_i/lenet5_top/inst/conv_datapath/GEN[1].prods_reg[1][5] multiplier stage lenet5_i/lenet5_top/inst/conv_datapath/GEN[1].prods_reg[1][5]/P[47:0] is not pipelined (MREG=0). Pipelining the multiplier function will improve performance and will save significant power so it is suggested whenever possible to fully pipeline this function.  If this multiplier was inferred, it is suggested to describe an additional register stage after this function.  If there is no registered adder/accumulator following the multiply function, two pipeline stages are suggested to allow both the MREG and PREG registers to be used.  If the DSP48 was instantiated in the design, it is suggested to set both the MREG and PREG attributes to 1 when performing multiply functions.
Related violations: <none>

DPOP-2#21 Warning
MREG Output pipelining  
DSP lenet5_i/lenet5_top/inst/conv_datapath/GEN[1].prods_reg[1][6] multiplier stage lenet5_i/lenet5_top/inst/conv_datapath/GEN[1].prods_reg[1][6]/P[47:0] is not pipelined (MREG=0). Pipelining the multiplier function will improve performance and will save significant power so it is suggested whenever possible to fully pipeline this function.  If this multiplier was inferred, it is suggested to describe an additional register stage after this function.  If there is no registered adder/accumulator following the multiply function, two pipeline stages are suggested to allow both the MREG and PREG registers to be used.  If the DSP48 was instantiated in the design, it is suggested to set both the MREG and PREG attributes to 1 when performing multiply functions.
Related violations: <none>

DPOP-2#22 Warning
MREG Output pipelining  
DSP lenet5_i/lenet5_top/inst/conv_datapath/GEN[1].prods_reg[1][7] multiplier stage lenet5_i/lenet5_top/inst/conv_datapath/GEN[1].prods_reg[1][7]/P[47:0] is not pipelined (MREG=0). Pipelining the multiplier function will improve performance and will save significant power so it is suggested whenever possible to fully pipeline this function.  If this multiplier was inferred, it is suggested to describe an additional register stage after this function.  If there is no registered adder/accumulator following the multiply function, two pipeline stages are suggested to allow both the MREG and PREG registers to be used.  If the DSP48 was instantiated in the design, it is suggested to set both the MREG and PREG attributes to 1 when performing multiply functions.
Related violations: <none>

DPOP-2#23 Warning
MREG Output pipelining  
DSP lenet5_i/lenet5_top/inst/conv_datapath/GEN[1].prods_reg[1][8] multiplier stage lenet5_i/lenet5_top/inst/conv_datapath/GEN[1].prods_reg[1][8]/P[47:0] is not pipelined (MREG=0). Pipelining the multiplier function will improve performance and will save significant power so it is suggested whenever possible to fully pipeline this function.  If this multiplier was inferred, it is suggested to describe an additional register stage after this function.  If there is no registered adder/accumulator following the multiply function, two pipeline stages are suggested to allow both the MREG and PREG registers to be used.  If the DSP48 was instantiated in the design, it is suggested to set both the MREG and PREG attributes to 1 when performing multiply functions.
Related violations: <none>

DPOP-2#24 Warning
MREG Output pipelining  
DSP lenet5_i/lenet5_top/inst/conv_datapath/GEN[1].prods_reg[1][9] multiplier stage lenet5_i/lenet5_top/inst/conv_datapath/GEN[1].prods_reg[1][9]/P[47:0] is not pipelined (MREG=0). Pipelining the multiplier function will improve performance and will save significant power so it is suggested whenever possible to fully pipeline this function.  If this multiplier was inferred, it is suggested to describe an additional register stage after this function.  If there is no registered adder/accumulator following the multiply function, two pipeline stages are suggested to allow both the MREG and PREG registers to be used.  If the DSP48 was instantiated in the design, it is suggested to set both the MREG and PREG attributes to 1 when performing multiply functions.
Related violations: <none>

DPOP-2#25 Warning
MREG Output pipelining  
DSP lenet5_i/lenet5_top/inst/mac_datapath/acc_r[10]0 multiplier stage lenet5_i/lenet5_top/inst/mac_datapath/acc_r[10]0/P[47:0] is not pipelined (MREG=0). Pipelining the multiplier function will improve performance and will save significant power so it is suggested whenever possible to fully pipeline this function.  If this multiplier was inferred, it is suggested to describe an additional register stage after this function.  If there is no registered adder/accumulator following the multiply function, two pipeline stages are suggested to allow both the MREG and PREG registers to be used.  If the DSP48 was instantiated in the design, it is suggested to set both the MREG and PREG attributes to 1 when performing multiply functions.
Related violations: <none>

DPOP-2#26 Warning
MREG Output pipelining  
DSP lenet5_i/lenet5_top/inst/mac_datapath/acc_r[11]0 multiplier stage lenet5_i/lenet5_top/inst/mac_datapath/acc_r[11]0/P[47:0] is not pipelined (MREG=0). Pipelining the multiplier function will improve performance and will save significant power so it is suggested whenever possible to fully pipeline this function.  If this multiplier was inferred, it is suggested to describe an additional register stage after this function.  If there is no registered adder/accumulator following the multiply function, two pipeline stages are suggested to allow both the MREG and PREG registers to be used.  If the DSP48 was instantiated in the design, it is suggested to set both the MREG and PREG attributes to 1 when performing multiply functions.
Related violations: <none>

DPOP-2#27 Warning
MREG Output pipelining  
DSP lenet5_i/lenet5_top/inst/mac_datapath/acc_r[12]0 multiplier stage lenet5_i/lenet5_top/inst/mac_datapath/acc_r[12]0/P[47:0] is not pipelined (MREG=0). Pipelining the multiplier function will improve performance and will save significant power so it is suggested whenever possible to fully pipeline this function.  If this multiplier was inferred, it is suggested to describe an additional register stage after this function.  If there is no registered adder/accumulator following the multiply function, two pipeline stages are suggested to allow both the MREG and PREG registers to be used.  If the DSP48 was instantiated in the design, it is suggested to set both the MREG and PREG attributes to 1 when performing multiply functions.
Related violations: <none>

DPOP-2#28 Warning
MREG Output pipelining  
DSP lenet5_i/lenet5_top/inst/mac_datapath/acc_r[13]0 multiplier stage lenet5_i/lenet5_top/inst/mac_datapath/acc_r[13]0/P[47:0] is not pipelined (MREG=0). Pipelining the multiplier function will improve performance and will save significant power so it is suggested whenever possible to fully pipeline this function.  If this multiplier was inferred, it is suggested to describe an additional register stage after this function.  If there is no registered adder/accumulator following the multiply function, two pipeline stages are suggested to allow both the MREG and PREG registers to be used.  If the DSP48 was instantiated in the design, it is suggested to set both the MREG and PREG attributes to 1 when performing multiply functions.
Related violations: <none>

DPOP-2#29 Warning
MREG Output pipelining  
DSP lenet5_i/lenet5_top/inst/mac_datapath/acc_r[14]0 multiplier stage lenet5_i/lenet5_top/inst/mac_datapath/acc_r[14]0/P[47:0] is not pipelined (MREG=0). Pipelining the multiplier function will improve performance and will save significant power so it is suggested whenever possible to fully pipeline this function.  If this multiplier was inferred, it is suggested to describe an additional register stage after this function.  If there is no registered adder/accumulator following the multiply function, two pipeline stages are suggested to allow both the MREG and PREG registers to be used.  If the DSP48 was instantiated in the design, it is suggested to set both the MREG and PREG attributes to 1 when performing multiply functions.
Related violations: <none>

DPOP-2#30 Warning
MREG Output pipelining  
DSP lenet5_i/lenet5_top/inst/mac_datapath/acc_r[15]0 multiplier stage lenet5_i/lenet5_top/inst/mac_datapath/acc_r[15]0/P[47:0] is not pipelined (MREG=0). Pipelining the multiplier function will improve performance and will save significant power so it is suggested whenever possible to fully pipeline this function.  If this multiplier was inferred, it is suggested to describe an additional register stage after this function.  If there is no registered adder/accumulator following the multiply function, two pipeline stages are suggested to allow both the MREG and PREG registers to be used.  If the DSP48 was instantiated in the design, it is suggested to set both the MREG and PREG attributes to 1 when performing multiply functions.
Related violations: <none>

DPOP-2#31 Warning
MREG Output pipelining  
DSP lenet5_i/lenet5_top/inst/mac_datapath/acc_r[16]0 multiplier stage lenet5_i/lenet5_top/inst/mac_datapath/acc_r[16]0/P[47:0] is not pipelined (MREG=0). Pipelining the multiplier function will improve performance and will save significant power so it is suggested whenever possible to fully pipeline this function.  If this multiplier was inferred, it is suggested to describe an additional register stage after this function.  If there is no registered adder/accumulator following the multiply function, two pipeline stages are suggested to allow both the MREG and PREG registers to be used.  If the DSP48 was instantiated in the design, it is suggested to set both the MREG and PREG attributes to 1 when performing multiply functions.
Related violations: <none>

DPOP-2#32 Warning
MREG Output pipelining  
DSP lenet5_i/lenet5_top/inst/mac_datapath/acc_r[1]0 multiplier stage lenet5_i/lenet5_top/inst/mac_datapath/acc_r[1]0/P[47:0] is not pipelined (MREG=0). Pipelining the multiplier function will improve performance and will save significant power so it is suggested whenever possible to fully pipeline this function.  If this multiplier was inferred, it is suggested to describe an additional register stage after this function.  If there is no registered adder/accumulator following the multiply function, two pipeline stages are suggested to allow both the MREG and PREG registers to be used.  If the DSP48 was instantiated in the design, it is suggested to set both the MREG and PREG attributes to 1 when performing multiply functions.
Related violations: <none>

DPOP-2#33 Warning
MREG Output pipelining  
DSP lenet5_i/lenet5_top/inst/mac_datapath/acc_r[2]0 multiplier stage lenet5_i/lenet5_top/inst/mac_datapath/acc_r[2]0/P[47:0] is not pipelined (MREG=0). Pipelining the multiplier function will improve performance and will save significant power so it is suggested whenever possible to fully pipeline this function.  If this multiplier was inferred, it is suggested to describe an additional register stage after this function.  If there is no registered adder/accumulator following the multiply function, two pipeline stages are suggested to allow both the MREG and PREG registers to be used.  If the DSP48 was instantiated in the design, it is suggested to set both the MREG and PREG attributes to 1 when performing multiply functions.
Related violations: <none>

DPOP-2#34 Warning
MREG Output pipelining  
DSP lenet5_i/lenet5_top/inst/mac_datapath/acc_r[3]0 multiplier stage lenet5_i/lenet5_top/inst/mac_datapath/acc_r[3]0/P[47:0] is not pipelined (MREG=0). Pipelining the multiplier function will improve performance and will save significant power so it is suggested whenever possible to fully pipeline this function.  If this multiplier was inferred, it is suggested to describe an additional register stage after this function.  If there is no registered adder/accumulator following the multiply function, two pipeline stages are suggested to allow both the MREG and PREG registers to be used.  If the DSP48 was instantiated in the design, it is suggested to set both the MREG and PREG attributes to 1 when performing multiply functions.
Related violations: <none>

DPOP-2#35 Warning
MREG Output pipelining  
DSP lenet5_i/lenet5_top/inst/mac_datapath/acc_r[4]0 multiplier stage lenet5_i/lenet5_top/inst/mac_datapath/acc_r[4]0/P[47:0] is not pipelined (MREG=0). Pipelining the multiplier function will improve performance and will save significant power so it is suggested whenever possible to fully pipeline this function.  If this multiplier was inferred, it is suggested to describe an additional register stage after this function.  If there is no registered adder/accumulator following the multiply function, two pipeline stages are suggested to allow both the MREG and PREG registers to be used.  If the DSP48 was instantiated in the design, it is suggested to set both the MREG and PREG attributes to 1 when performing multiply functions.
Related violations: <none>

DPOP-2#36 Warning
MREG Output pipelining  
DSP lenet5_i/lenet5_top/inst/mac_datapath/acc_r[5]0 multiplier stage lenet5_i/lenet5_top/inst/mac_datapath/acc_r[5]0/P[47:0] is not pipelined (MREG=0). Pipelining the multiplier function will improve performance and will save significant power so it is suggested whenever possible to fully pipeline this function.  If this multiplier was inferred, it is suggested to describe an additional register stage after this function.  If there is no registered adder/accumulator following the multiply function, two pipeline stages are suggested to allow both the MREG and PREG registers to be used.  If the DSP48 was instantiated in the design, it is suggested to set both the MREG and PREG attributes to 1 when performing multiply functions.
Related violations: <none>

DPOP-2#37 Warning
MREG Output pipelining  
DSP lenet5_i/lenet5_top/inst/mac_datapath/acc_r[6]0 multiplier stage lenet5_i/lenet5_top/inst/mac_datapath/acc_r[6]0/P[47:0] is not pipelined (MREG=0). Pipelining the multiplier function will improve performance and will save significant power so it is suggested whenever possible to fully pipeline this function.  If this multiplier was inferred, it is suggested to describe an additional register stage after this function.  If there is no registered adder/accumulator following the multiply function, two pipeline stages are suggested to allow both the MREG and PREG registers to be used.  If the DSP48 was instantiated in the design, it is suggested to set both the MREG and PREG attributes to 1 when performing multiply functions.
Related violations: <none>

DPOP-2#38 Warning
MREG Output pipelining  
DSP lenet5_i/lenet5_top/inst/mac_datapath/acc_r[7]0 multiplier stage lenet5_i/lenet5_top/inst/mac_datapath/acc_r[7]0/P[47:0] is not pipelined (MREG=0). Pipelining the multiplier function will improve performance and will save significant power so it is suggested whenever possible to fully pipeline this function.  If this multiplier was inferred, it is suggested to describe an additional register stage after this function.  If there is no registered adder/accumulator following the multiply function, two pipeline stages are suggested to allow both the MREG and PREG registers to be used.  If the DSP48 was instantiated in the design, it is suggested to set both the MREG and PREG attributes to 1 when performing multiply functions.
Related violations: <none>

DPOP-2#39 Warning
MREG Output pipelining  
DSP lenet5_i/lenet5_top/inst/mac_datapath/acc_r[8]0 multiplier stage lenet5_i/lenet5_top/inst/mac_datapath/acc_r[8]0/P[47:0] is not pipelined (MREG=0). Pipelining the multiplier function will improve performance and will save significant power so it is suggested whenever possible to fully pipeline this function.  If this multiplier was inferred, it is suggested to describe an additional register stage after this function.  If there is no registered adder/accumulator following the multiply function, two pipeline stages are suggested to allow both the MREG and PREG registers to be used.  If the DSP48 was instantiated in the design, it is suggested to set both the MREG and PREG attributes to 1 when performing multiply functions.
Related violations: <none>

DPOP-2#40 Warning
MREG Output pipelining  
DSP lenet5_i/lenet5_top/inst/mac_datapath/acc_r[9]0 multiplier stage lenet5_i/lenet5_top/inst/mac_datapath/acc_r[9]0/P[47:0] is not pipelined (MREG=0). Pipelining the multiplier function will improve performance and will save significant power so it is suggested whenever possible to fully pipeline this function.  If this multiplier was inferred, it is suggested to describe an additional register stage after this function.  If there is no registered adder/accumulator following the multiply function, two pipeline stages are suggested to allow both the MREG and PREG registers to be used.  If the DSP48 was instantiated in the design, it is suggested to set both the MREG and PREG attributes to 1 when performing multiply functions.
Related violations: <none>

RTSTAT-10#1 Warning
No routable loads  
15 net(s) have no routable loads. The problem bus(es) and/or net(s) are lenet5_i/axi_interconnect_0/m03_couplers/auto_ds/inst/gen_downsizer.gen_simple_downsizer.axi_downsizer_inst/USE_WRITE.write_addr_inst/USE_B_CHANNEL.cmd_b_queue/inst/fifo_gen_inst/inst_fifo_gen/gconvfifo.rf/grf.rf/gntv_or_sync_fifo.gl0.rd/gr1.gr1_int.rfwft/aempty_fwft_i, lenet5_i/axi_interconnect_0/m03_couplers/auto_ds/inst/gen_downsizer.gen_simple_downsizer.axi_downsizer_inst/USE_WRITE.write_addr_inst/cmd_queue/inst/fifo_gen_inst/inst_fifo_gen/gconvfifo.rf/grf.rf/gntv_or_sync_fifo.gl0.rd/gr1.gr1_int.rfwft/aempty_fwft_i, lenet5_i/axi_interconnect_0/m03_couplers/auto_ds/inst/gen_downsizer.gen_simple_downsizer.axi_downsizer_inst/USE_READ.read_addr_inst/cmd_queue/inst/fifo_gen_inst/inst_fifo_gen/gconvfifo.rf/grf.rf/gntv_or_sync_fifo.gl0.rd/gr1.gr1_int.rfwft/aempty_fwft_i, lenet5_i/axi_interconnect_0/m03_couplers/auto_ds/inst/gen_downsizer.gen_simple_downsizer.axi_downsizer_inst/USE_WRITE.write_addr_inst/USE_B_CHANNEL.cmd_b_queue/inst/fifo_gen_inst/inst_fifo_gen/gconvfifo.rf/grf.rf/gntv_or_sync_fifo.gl0.wr/gwss.wsts/ram_afull_fb, lenet5_i/axi_interconnect_0/m03_couplers/auto_ds/inst/gen_downsizer.gen_simple_downsizer.axi_downsizer_inst/USE_WRITE.write_addr_inst/cmd_queue/inst/fifo_gen_inst/inst_fifo_gen/gconvfifo.rf/grf.rf/gntv_or_sync_fifo.gl0.wr/gwss.wsts/ram_afull_fb, lenet5_i/axi_interconnect_0/m03_couplers/auto_ds/inst/gen_downsizer.gen_simple_downsizer.axi_downsizer_inst/USE_READ.read_addr_inst/cmd_queue/inst/fifo_gen_inst/inst_fifo_gen/gconvfifo.rf/grf.rf/gntv_or_sync_fifo.gl0.wr/gwss.wsts/ram_afull_fb, lenet5_i/axi_interconnect_0/m03_couplers/auto_ds/inst/gen_downsizer.gen_simple_downsizer.axi_downsizer_inst/USE_WRITE.write_addr_inst/USE_B_CHANNEL.cmd_b_queue/inst/fifo_gen_inst/inst_fifo_gen/gconvfifo.rf/grf.rf/gntv_or_sync_fifo.gl0.wr/gwss.wsts/ram_afull_i, lenet5_i/axi_interconnect_0/m03_couplers/auto_ds/inst/gen_downsizer.gen_simple_downsizer.axi_downsizer_inst/USE_WRITE.write_addr_inst/cmd_queue/inst/fifo_gen_inst/inst_fifo_gen/gconvfifo.rf/grf.rf/gntv_or_sync_fifo.gl0.wr/gwss.wsts/ram_afull_i, lenet5_i/axi_interconnect_0/m03_couplers/auto_ds/inst/gen_downsizer.gen_simple_downsizer.axi_downsizer_inst/USE_READ.read_addr_inst/cmd_queue/inst/fifo_gen_inst/inst_fifo_gen/gconvfifo.rf/grf.rf/gntv_or_sync_fifo.gl0.wr/gwss.wsts/ram_afull_i, lenet5_i/axi_interconnect_0/m03_couplers/auto_ds/inst/gen_downsizer.gen_simple_downsizer.axi_downsizer_inst/USE_WRITE.write_addr_inst/USE_B_CHANNEL.cmd_b_queue/inst/fifo_gen_inst/inst_fifo_gen/gconvfifo.rf/grf.rf/gntv_or_sync_fifo.gl0.rd/grss.rsts/ram_empty_i, lenet5_i/axi_interconnect_0/m03_couplers/auto_ds/inst/gen_downsizer.gen_simple_downsizer.axi_downsizer_inst/USE_WRITE.write_addr_inst/cmd_queue/inst/fifo_gen_inst/inst_fifo_gen/gconvfifo.rf/grf.rf/gntv_or_sync_fifo.gl0.rd/grss.rsts/ram_empty_i, lenet5_i/axi_interconnect_0/m03_couplers/auto_ds/inst/gen_downsizer.gen_simple_downsizer.axi_downsizer_inst/USE_READ.read_addr_inst/cmd_queue/inst/fifo_gen_inst/inst_fifo_gen/gconvfifo.rf/grf.rf/gntv_or_sync_fifo.gl0.rd/grss.rsts/ram_empty_i, lenet5_i/axi_interconnect_0/m03_couplers/auto_ds/inst/gen_downsizer.gen_simple_downsizer.axi_downsizer_inst/USE_WRITE.write_addr_inst/USE_B_CHANNEL.cmd_b_queue/inst/fifo_gen_inst/inst_fifo_gen/gconvfifo.rf/grf.rf/gntv_or_sync_fifo.gl0.rd/gr1.gr1_int.rfwft/user_valid, lenet5_i/axi_interconnect_0/m03_couplers/auto_ds/inst/gen_downsizer.gen_simple_downsizer.axi_downsizer_inst/USE_WRITE.write_addr_inst/cmd_queue/inst/fifo_gen_inst/inst_fifo_gen/gconvfifo.rf/grf.rf/gntv_or_sync_fifo.gl0.rd/gr1.gr1_int.rfwft/user_valid, lenet5_i/axi_interconnect_0/m03_couplers/auto_ds/inst/gen_downsizer.gen_simple_downsizer.axi_downsizer_inst/USE_READ.read_addr_inst/cmd_queue/inst/fifo_gen_inst/inst_fifo_gen/gconvfifo.rf/grf.rf/gntv_or_sync_fifo.gl0.rd/gr1.gr1_int.rfwft/user_valid (the first 15 of 15 listed).
Related violations: <none>


