Copyright 1986-2019 Xilinx, Inc. All Rights Reserved.
----------------------------------------------------------------------------------------------------------------------------------------------------------------
| Tool Version     : Vivado v.2019.1 (win64) Build 2552052 Fri May 24 14:49:42 MDT 2019
| Date             : Mon Apr 13 23:18:59 2026
| Host             : Norian running 64-bit major release  (build 9200)
| Command          : report_power -file lenet5_wrapper_power_routed.rpt -pb lenet5_wrapper_power_summary_routed.pb -rpx lenet5_wrapper_power_routed.rpx
| Design           : lenet5_wrapper
| Device           : xc7z010clg400-2
| Design State     : routed
| Grade            : commercial
| Process          : typical
| Characterization : Production
----------------------------------------------------------------------------------------------------------------------------------------------------------------

Power Report

Table of Contents
-----------------
1. Summary
1.1 On-Chip Components
1.2 Power Supply Summary
1.3 Confidence Level
2. Settings
2.1 Environment
2.2 Clock Constraints
3. Detailed Reports
3.1 By Hierarchy

1. Summary
----------

+--------------------------+--------------+
| Total On-Chip Power (W)  | 1.803        |
| Design Power Budget (W)  | Unspecified* |
| Power Budget Margin (W)  | NA           |
| Dynamic (W)              | 1.679        |
| Device Static (W)        | 0.124        |
| Effective TJA (C/W)      | 11.5         |
| Max Ambient (C)          | 64.2         |
| Junction Temperature (C) | 45.8         |
| Confidence Level         | Medium       |
| Setting File             | ---          |
| Simulation Activity File | ---          |
| Design Nets Matched      | NA           |
+--------------------------+--------------+
* Specify Design Power Budget using, set_operating_conditions -design_power_budget <value in Watts>


1.1 On-Chip Components
----------------------

+--------------------------+-----------+----------+-----------+-----------------+
| On-Chip                  | Power (W) | Used     | Available | Utilization (%) |
+--------------------------+-----------+----------+-----------+-----------------+
| Clocks                   |     0.024 |        3 |       --- |             --- |
| Slice Logic              |     0.022 |    26152 |       --- |             --- |
|   LUT as Logic           |     0.019 |     9503 |     17600 |           53.99 |
|   CARRY4                 |     0.001 |      573 |      4400 |           13.02 |
|   Register               |    <0.001 |    12531 |     35200 |           35.60 |
|   LUT as Distributed RAM |    <0.001 |       48 |      6000 |            0.80 |
|   F7/F8 Muxes            |    <0.001 |      345 |     17600 |            1.96 |
|   LUT as Shift Register  |    <0.001 |      124 |      6000 |            2.07 |
|   Others                 |     0.000 |      474 |       --- |             --- |
| Signals                  |     0.033 |    20581 |       --- |             --- |
| Block RAM                |     0.062 |       42 |        60 |           70.00 |
| DSPs                     |     0.008 |       40 |        80 |           50.00 |
| PS7                      |     1.530 |        1 |       --- |             --- |
| Static Power             |     0.124 |          |           |                 |
| Total                    |     1.803 |          |           |                 |
+--------------------------+-----------+----------+-----------+-----------------+


1.2 Power Supply Summary
------------------------

+-----------+-------------+-----------+-------------+------------+
| Source    | Voltage (V) | Total (A) | Dynamic (A) | Static (A) |
+-----------+-------------+-----------+-------------+------------+
| Vccint    |       1.000 |     0.153 |       0.144 |      0.009 |
| Vccaux    |       1.800 |     0.008 |       0.000 |      0.008 |
| Vcco33    |       3.300 |     0.000 |       0.000 |      0.000 |
| Vcco25    |       2.500 |     0.000 |       0.000 |      0.000 |
| Vcco18    |       1.800 |     0.000 |       0.000 |      0.000 |
| Vcco15    |       1.500 |     0.000 |       0.000 |      0.000 |
| Vcco135   |       1.350 |     0.000 |       0.000 |      0.000 |
| Vcco12    |       1.200 |     0.000 |       0.000 |      0.000 |
| Vccaux_io |       1.800 |     0.000 |       0.000 |      0.000 |
| Vccbram   |       1.000 |     0.009 |       0.005 |      0.003 |
| MGTAVcc   |       1.000 |     0.000 |       0.000 |      0.000 |
| MGTAVtt   |       1.200 |     0.000 |       0.000 |      0.000 |
| MGTVccaux |       1.800 |     0.000 |       0.000 |      0.000 |
| Vccpint   |       1.000 |     0.756 |       0.725 |      0.032 |
| Vccpaux   |       1.800 |     0.061 |       0.050 |      0.010 |
| Vccpll    |       1.800 |     0.019 |       0.016 |      0.003 |
| Vcco_ddr  |       1.500 |     0.459 |       0.457 |      0.002 |
| Vcco_mio0 |       1.800 |     0.001 |       0.000 |      0.001 |
| Vcco_mio1 |       1.800 |     0.000 |       0.000 |      0.000 |
| Vccadc    |       1.800 |     0.020 |       0.000 |      0.020 |
+-----------+-------------+-----------+-------------+------------+


1.3 Confidence Level
--------------------

+-----------------------------+------------+------------------------------------------------+------------------------------------------------------------------------------------------------------------+
| User Input Data             | Confidence | Details                                        | Action                                                                                                     |
+-----------------------------+------------+------------------------------------------------+------------------------------------------------------------------------------------------------------------+
| Design implementation state | High       | Design is routed                               |                                                                                                            |
| Clock nodes activity        | High       | User specified more than 95% of clocks         |                                                                                                            |
| I/O nodes activity          | High       | User specified more than 95% of inputs         |                                                                                                            |
| Internal nodes activity     | Medium     | User specified less than 25% of internal nodes | Provide missing internal nodes activity with simulation results or by editing the "By Resource Type" views |
| Device models               | High       | Device models are Production                   |                                                                                                            |
|                             |            |                                                |                                                                                                            |
| Overall confidence level    | Medium     |                                                |                                                                                                            |
+-----------------------------+------------+------------------------------------------------+------------------------------------------------------------------------------------------------------------+


2. Settings
-----------

2.1 Environment
---------------

+-----------------------+------------------------+
| Ambient Temp (C)      | 25.0                   |
| ThetaJA (C/W)         | 11.5                   |
| Airflow (LFM)         | 250                    |
| Heat Sink             | none                   |
| ThetaSA (C/W)         | 0.0                    |
| Board Selection       | medium (10"x10")       |
| # of Board Layers     | 8to11 (8 to 11 Layers) |
| Board Temperature (C) | 25.0                   |
+-----------------------+------------------------+


2.2 Clock Constraints
---------------------

+------------+-----------------------------------------------------------+-----------------+
| Clock      | Domain                                                    | Constraint (ns) |
+------------+-----------------------------------------------------------+-----------------+
| clk_fpga_0 | lenet5_i/processing_system7_0/inst/FCLK_CLK_unbuffered[0] |            10.0 |
+------------+-----------------------------------------------------------+-----------------+


3. Detailed Reports
-------------------

3.1 By Hierarchy
----------------

+--------------------------+-----------+
| Name                     | Power (W) |
+--------------------------+-----------+
| lenet5_wrapper           |     1.679 |
|   lenet5_i               |     1.679 |
|     axi_interconnect_0   |     0.011 |
|       m03_couplers       |     0.006 |
|       s00_couplers       |     0.004 |
|     bram_a               |     0.012 |
|       U0                 |     0.012 |
|     bram_b               |     0.012 |
|       U0                 |     0.012 |
|     bram_ctrl_a          |     0.002 |
|       U0                 |     0.002 |
|     bram_ctrl_b          |     0.002 |
|       U0                 |     0.002 |
|     bram_ctrl_pesos      |     0.003 |
|       U0                 |     0.003 |
|     bram_pesos           |     0.043 |
|       U0                 |     0.043 |
|     lenet5_top           |     0.063 |
|       inst               |     0.062 |
|     processing_system7_0 |     1.531 |
|       inst               |     1.531 |
+--------------------------+-----------+


